<?xml version="1.0" encoding="UTF-8"?>
<!-- Generated by org.testng.reporters.JUnitReportReporter -->
<testsuite skipped="0" hostname="MININT-L8NOK5S" name="com.accenture.redsocial.test_facebook" tests="1" failures="0" timestamp="07 jul 2017 20:14:39 GMT" time="448.847" errors="0">
  <testcase name="mytest" time="448.847" classname="com.accenture.redsocial.test_facebook"/>
</testsuite> <!-- com.accenture.redsocial.test_facebook -->
