<?xml version="1.0" encoding="UTF-8"?>
<!-- Generated by org.testng.reporters.JUnitReportReporter -->
<testsuite skipped="0" hostname="MININT-L8NOK5S" name="com.accenture.redsocial.test_facebook" tests="1" failures="0" timestamp="10 jul 2017 16:17:20 GMT" time="175.953" errors="0">
  <testcase name="mytest" time="175.953" classname="com.accenture.redsocial.test_facebook"/>
</testsuite> <!-- com.accenture.redsocial.test_facebook -->
